Using pre-set license
Built from '2020.3/staging' branch; Version is '2020.3.38f1 (8f5fde82e2dc) revision 9396190'; Using compiler version '192528614'; Build Type 'Release'
OS: 'Windows 10  (10.0.19044) 64bit Core' Language: 'en' Physical Memory: 16310 MB
BatchMode: 1, IsHumanControllingUs: 0, StartBugReporterOnCrash: 0, Is64bit: 1, IsPro: 0

COMMAND LINE ARGUMENTS:
C:\Program Files\Unity\Hub\Editor\2020.3.38f1\Editor\Unity.exe
-adb2
-batchMode
-noUpm
-name
AssetImportWorker0
-projectPath
C:/Users/alexh/CA2_Final
-logFile
Logs/AssetImportWorker0.log
-srvPort
62392
Successfully changed project path to: C:/Users/alexh/CA2_Final
C:/Users/alexh/CA2_Final
Using Asset Import Pipeline V2.
Refreshing native plugins compatible for Editor in 25.55 ms, found 2 plugins.
Preloading 0 native plugins for Editor in 0.00 ms.
Initialize engine version: 2020.3.38f1 (8f5fde82e2dc)
[Subsystems] Discovering subsystems at path C:/Program Files/Unity/Hub/Editor/2020.3.38f1/Editor/Data/Resources/UnitySubsystems
[Subsystems] Discovering subsystems at path C:/Users/alexh/CA2_Final/Assets
GfxDevice: creating device client; threaded=0
Direct3D:
    Version:  Direct3D 11.0 [level 11.1]
    Renderer: NVIDIA GeForce RTX 3060 (ID=0x2504)
    Vendor:   
    VRAM:     12142 MB
    Driver:   31.0.15.1640
Initialize mono
Mono path[0] = 'C:/Program Files/Unity/Hub/Editor/2020.3.38f1/Editor/Data/Managed'
Mono path[1] = 'C:/Program Files/Unity/Hub/Editor/2020.3.38f1/Editor/Data/MonoBleedingEdge/lib/mono/unityjit'
Mono config path = 'C:/Program Files/Unity/Hub/Editor/2020.3.38f1/Editor/Data/MonoBleedingEdge/etc'
Using monoOptions --debugger-agent=transport=dt_socket,embedding=1,server=y,suspend=n,address=127.0.0.1:56848
Begin MonoManager ReloadAssembly
Registering precompiled unity dll's ...
Register platform support module: C:/Program Files/Unity/Hub/Editor/2020.3.38f1/Editor/Data/PlaybackEngines/WindowsStandaloneSupport/UnityEditor.WindowsStandalone.Extensions.dll
Registered in 0.001767 seconds.
Native extension for WindowsStandalone target not found
Refreshing native plugins compatible for Editor in 25.63 ms, found 2 plugins.
Preloading 0 native plugins for Editor in 0.00 ms.
Mono: successfully reloaded assembly
- Completed reload, in  0.383 seconds
Domain Reload Profiling:
	ReloadAssembly (383ms)
		BeginReloadAssembly (48ms)
			ExecutionOrderSort (0ms)
			DisableScriptedObjects (0ms)
			BackupInstance (0ms)
			ReleaseScriptingObjects (0ms)
			CreateAndSetChildDomain (0ms)
		EndReloadAssembly (285ms)
			LoadAssemblies (46ms)
			RebuildTransferFunctionScriptingTraits (0ms)
			SetupTypeCache (88ms)
			ReleaseScriptCaches (0ms)
			RebuildScriptCaches (18ms)
			SetupLoadedEditorAssemblies (111ms)
				LogAssemblyErrors (0ms)
				InitializePlatformSupportModulesInManaged (3ms)
				SetLoadedEditorAssemblies (0ms)
				RefreshPlugins (26ms)
				BeforeProcessingInitializeOnLoad (9ms)
				ProcessInitializeOnLoadAttributes (55ms)
				ProcessInitializeOnLoadMethodAttributes (18ms)
				AfterProcessingInitializeOnLoad (0ms)
				EditorAssembliesLoaded (0ms)
			ExecutionOrderSort2 (0ms)
			AwakeInstancesAfterBackupRestoration (0ms)
Platform modules already initialized, skipping
Registering precompiled user dll's ...
Registered in 0.002708 seconds.
Begin MonoManager ReloadAssembly
Native extension for WindowsStandalone target not found
Refreshing native plugins compatible for Editor in 0.40 ms, found 2 plugins.
Preloading 0 native plugins for Editor in 0.00 ms.
Mono: successfully reloaded assembly
- Completed reload, in  0.641 seconds
Domain Reload Profiling:
	ReloadAssembly (642ms)
		BeginReloadAssembly (102ms)
			ExecutionOrderSort (0ms)
			DisableScriptedObjects (3ms)
			BackupInstance (0ms)
			ReleaseScriptingObjects (0ms)
			CreateAndSetChildDomain (15ms)
		EndReloadAssembly (497ms)
			LoadAssemblies (67ms)
			RebuildTransferFunctionScriptingTraits (0ms)
			SetupTypeCache (159ms)
			ReleaseScriptCaches (0ms)
			RebuildScriptCaches (26ms)
			SetupLoadedEditorAssemblies (202ms)
				LogAssemblyErrors (0ms)
				InitializePlatformSupportModulesInManaged (3ms)
				SetLoadedEditorAssemblies (1ms)
				RefreshPlugins (0ms)
				BeforeProcessingInitializeOnLoad (61ms)
				ProcessInitializeOnLoadAttributes (122ms)
				ProcessInitializeOnLoadMethodAttributes (9ms)
				AfterProcessingInitializeOnLoad (6ms)
				EditorAssembliesLoaded (0ms)
			ExecutionOrderSort2 (0ms)
			AwakeInstancesAfterBackupRestoration (1ms)
Platform modules already initialized, skipping
========================================================================
Worker process is ready to serve import requests
Shader 'Toon/Basic Outline': fallback shader 'Toon/Basic' not found
WARNING: Shader Unsupported: 'Toon/Basic Outline' - All subshaders removed
WARNING: Shader Did you use #pragma only_renderers and omit this platform?
WARNING: Shader If subshaders removal was intentional, you may have forgotten turning Fallback off?
WARNING: Shader Unsupported: 'Toon/Basic Outline' - All subshaders removed
WARNING: Shader Did you use #pragma only_renderers and omit this platform?
WARNING: Shader If subshaders removal was intentional, you may have forgotten turning Fallback off?
Shader 'Toon/Basic Outline': fallback shader 'Toon/Basic' not found
WARNING: Shader Unsupported: 'Toon/Basic Outline' - All subshaders removed
WARNING: Shader Did you use #pragma only_renderers and omit this platform?
WARNING: Shader If subshaders removal was intentional, you may have forgotten turning Fallback off?
WARNING: Shader Unsupported: 'Toon/Basic Outline' - All subshaders removed
WARNING: Shader Did you use #pragma only_renderers and omit this platform?
WARNING: Shader If subshaders removal was intentional, you may have forgotten turning Fallback off?
Launched and connected shader compiler UnityShaderCompiler.exe after 0.03 seconds
Refreshing native plugins compatible for Editor in 0.38 ms, found 2 plugins.
Preloading 0 native plugins for Editor in 0.00 ms.
Unloading 1626 Unused Serialized files (Serialized files now loaded: 0)
System memory in use before: 112.6 MB.
System memory in use after: 112.6 MB.

Unloading 18 unused Assets to reduce memory usage. Loaded Objects now: 2088.
Total: 2.196700 ms (FindLiveObjects: 0.110800 ms CreateObjectMapping: 0.034200 ms MarkObjects: 1.927800 ms  DeleteObjects: 0.123100 ms)

AssetImportParameters requested are different than current active one (requested -> active):
  custom:framework-win-MediaFoundation: 216162199b28c13a410421893ffa2e32 -> 
  custom:video-decoder-ogg-theora: a1e56fd34408186e4bbccfd4996cb3dc -> 
  custom:container-muxer-webm: aa71ff27fc2769a1b78a27578f13a17b -> 
  custom:container-demuxer-webm: 4f35f7cbe854078d1ac9338744f61a02 -> 
  custom:container-demuxer-ogg: 62fdf1f143b41e24485cea50d1cbac27 -> 
  custom:video-encoder-webm-vp8: eb34c28f22e8b96e1ab97ce403110664 -> 
  custom:video-decoder-webm-vp8: 9c59270c3fd7afecdb556c50c9e8de78 -> 
  custom:audio-decoder-ogg-vorbis: bf7c407c2cedff20999df2af8eb42d56 -> 
  custom:audio-encoder-webm-vorbis: bf7c407c2cedff20999df2af8eb42d56 -> 
========================================================================
Received Import Request.
  path: Assets/Prefabs/Goblin.prefab
  artifactKey: Guid(47b41978aba272c47ae5f4a2f7179c61) Importer(815301076,1909f56bfc062723c751e8b465ee728b)
Start importing Assets/Prefabs/Goblin.prefab using Guid(47b41978aba272c47ae5f4a2f7179c61) Importer(815301076,1909f56bfc062723c751e8b465ee728b)  -> (artifact id: 'bf114a453c26844ed8b6a64ab4e8d563') in 0.221563 seconds 
========================================================================
Received Import Request.
  Time since last request: 0.000120 seconds.
  path: Assets/Prefabs/Player.prefab
  artifactKey: Guid(e7c589d32364d074d97e02c9bf856603) Importer(815301076,1909f56bfc062723c751e8b465ee728b)
Start importing Assets/Prefabs/Player.prefab using Guid(e7c589d32364d074d97e02c9bf856603) Importer(815301076,1909f56bfc062723c751e8b465ee728b)  -> (artifact id: 'e5e00bebe421f7b24d8ce5d117da2b73') in 0.033182 seconds 
========================================================================
Received Import Request.
  Time since last request: 0.000133 seconds.
  path: Assets/Prefabs/Spawner.prefab
  artifactKey: Guid(711c8ad328d263f448c8a8c8204e0c81) Importer(815301076,1909f56bfc062723c751e8b465ee728b)
Start importing Assets/Prefabs/Spawner.prefab using Guid(711c8ad328d263f448c8a8c8204e0c81) Importer(815301076,1909f56bfc062723c751e8b465ee728b)  -> (artifact id: '62f2a4f92ee01f5e17c286198bee0d30') in 0.007805 seconds 
========================================================================
Received Import Request.
  Time since last request: 0.000122 seconds.
  path: Assets/Prefabs/Bow_01.prefab
  artifactKey: Guid(d4958227484245e4592c41ab2c02ad22) Importer(815301076,1909f56bfc062723c751e8b465ee728b)
Start importing Assets/Prefabs/Bow_01.prefab using Guid(d4958227484245e4592c41ab2c02ad22) Importer(815301076,1909f56bfc062723c751e8b465ee728b)  -> (artifact id: '442908cb67f82977aea70670d00fbec0') in 0.010605 seconds 
========================================================================
Received Import Request.
  Time since last request: 0.000126 seconds.
  path: Assets/Prefabs/Health Potion.prefab
  artifactKey: Guid(ca1b43653a3f2bd488d5aaf933a9db7e) Importer(815301076,1909f56bfc062723c751e8b465ee728b)
Start importing Assets/Prefabs/Health Potion.prefab using Guid(ca1b43653a3f2bd488d5aaf933a9db7e) Importer(815301076,1909f56bfc062723c751e8b465ee728b)  -> (artifact id: '0c9c5ebae9c82e9c9bdf552e1b67dc42') in 0.011011 seconds 
========================================================================
Received Import Request.
  Time since last request: 0.000110 seconds.
  path: Assets/Prefabs/Ammo.prefab
  artifactKey: Guid(d3ea8c6bc5239eb4d931ddad2801373f) Importer(815301076,1909f56bfc062723c751e8b465ee728b)
Start importing Assets/Prefabs/Ammo.prefab using Guid(d3ea8c6bc5239eb4d931ddad2801373f) Importer(815301076,1909f56bfc062723c751e8b465ee728b)  -> (artifact id: '2ebf2e3d3e964c2cd5159c1fa7e10132') in 0.011243 seconds 
========================================================================
Received Import Request.
  Time since last request: 0.000136 seconds.
  path: Assets/Prefabs/Projectile New.prefab
  artifactKey: Guid(165213c4f846bab42a52af483bb9f912) Importer(815301076,1909f56bfc062723c751e8b465ee728b)
Start importing Assets/Prefabs/Projectile New.prefab using Guid(165213c4f846bab42a52af483bb9f912) Importer(815301076,1909f56bfc062723c751e8b465ee728b)  -> (artifact id: 'b4efa29ddb00ffcfdbdad6d3670aef58') in 0.095536 seconds 
========================================================================
Received Import Request.
  Time since last request: 2.274909 seconds.
  path: Assets/Scenes/Level1
  artifactKey: Guid(9db2911b2dd89d1409454cbd72e762f1) Importer(815301076,1909f56bfc062723c751e8b465ee728b)
Start importing Assets/Scenes/Level1 using Guid(9db2911b2dd89d1409454cbd72e762f1) Importer(815301076,1909f56bfc062723c751e8b465ee728b)  -> (artifact id: 'c7f8c578e07f6637e2bef5b3beba5c1f') in 0.004734 seconds 
========================================================================
Received Import Request.
  Time since last request: 0.271643 seconds.
  path: Assets/Scenes/Level1/NavMesh.asset
  artifactKey: Guid(b9439cf9121ba834e85996a97cd8ac9e) Importer(815301076,1909f56bfc062723c751e8b465ee728b)
Start importing Assets/Scenes/Level1/NavMesh.asset using Guid(b9439cf9121ba834e85996a97cd8ac9e) Importer(815301076,1909f56bfc062723c751e8b465ee728b)  -> (artifact id: 'bba327b269043920ebbd7855dda0c659') in 0.006718 seconds 
========================================================================
Received Import Request.
  Time since last request: 4.590892 seconds.
  path: Assets/Scenes/Level1.unity
  artifactKey: Guid(13b77d188d6f3ee4ead139ca4ef888b5) Importer(815301076,1909f56bfc062723c751e8b465ee728b)
Start importing Assets/Scenes/Level1.unity using Guid(13b77d188d6f3ee4ead139ca4ef888b5) Importer(815301076,1909f56bfc062723c751e8b465ee728b)  -> (artifact id: 'e113d33ad382a3e73834bd06e13354b1') in 0.005106 seconds 
========================================================================
Received Import Request.
  Time since last request: 56.126705 seconds.
  path: Assets/Scenes/Level2.unity
  artifactKey: Guid(af709ba570469b34f8ee628ad8f6e93b) Importer(815301076,1909f56bfc062723c751e8b465ee728b)
Start importing Assets/Scenes/Level2.unity using Guid(af709ba570469b34f8ee628ad8f6e93b) Importer(815301076,1909f56bfc062723c751e8b465ee728b)  -> (artifact id: '91337fe9352a1151a3c1db5467f459bf') in 0.005373 seconds 
========================================================================
Received Import Request.
  Time since last request: 292.271834 seconds.
  path: Assets/Scenes/Menu.unity
  artifactKey: Guid(e859973c025d5bc45ac57243027639db) Importer(815301076,1909f56bfc062723c751e8b465ee728b)
Start importing Assets/Scenes/Menu.unity using Guid(e859973c025d5bc45ac57243027639db) Importer(815301076,1909f56bfc062723c751e8b465ee728b)  -> (artifact id: '7bf6e663e548956bca288820bf0f2cec') in 0.003027 seconds 
========================================================================
Received Prepare
Shader 'Toon/Basic Outline': fallback shader 'Toon/Basic' not found
WARNING: Shader Unsupported: 'Toon/Basic Outline' - All subshaders removed
WARNING: Shader Did you use #pragma only_renderers and omit this platform?
WARNING: Shader If subshaders removal was intentional, you may have forgotten turning Fallback off?
WARNING: Shader Unsupported: 'Toon/Basic Outline' - All subshaders removed
WARNING: Shader Did you use #pragma only_renderers and omit this platform?
WARNING: Shader If subshaders removal was intentional, you may have forgotten turning Fallback off?
Shader 'Toon/Basic Outline': fallback shader 'Toon/Basic' not found
WARNING: Shader Unsupported: 'Toon/Basic Outline' - All subshaders removed
WARNING: Shader Did you use #pragma only_renderers and omit this platform?
WARNING: Shader If subshaders removal was intentional, you may have forgotten turning Fallback off?
WARNING: Shader Unsupported: 'Toon/Basic Outline' - All subshaders removed
WARNING: Shader Did you use #pragma only_renderers and omit this platform?
WARNING: Shader If subshaders removal was intentional, you may have forgotten turning Fallback off?
Refreshing native plugins compatible for Editor in 2.33 ms, found 2 plugins.
Preloading 0 native plugins for Editor in 0.00 ms.
Unloading 11 Unused Serialized files (Serialized files now loaded: 0)
System memory in use before: 97.8 MB.
System memory in use after: 97.9 MB.

Unloading 11 unused Assets to reduce memory usage. Loaded Objects now: 2098.
Total: 3.375300 ms (FindLiveObjects: 0.160800 ms CreateObjectMapping: 0.054700 ms MarkObjects: 3.026700 ms  DeleteObjects: 0.132300 ms)

AssetImportParameters requested are different than current active one (requested -> active):
  custom:framework-win-MediaFoundation: 216162199b28c13a410421893ffa2e32 -> 
  custom:video-decoder-ogg-theora: a1e56fd34408186e4bbccfd4996cb3dc -> 
  custom:container-muxer-webm: aa71ff27fc2769a1b78a27578f13a17b -> 
  custom:container-demuxer-webm: 4f35f7cbe854078d1ac9338744f61a02 -> 
  custom:container-demuxer-ogg: 62fdf1f143b41e24485cea50d1cbac27 -> 
  custom:video-encoder-webm-vp8: eb34c28f22e8b96e1ab97ce403110664 -> 
  custom:video-decoder-webm-vp8: 9c59270c3fd7afecdb556c50c9e8de78 -> 
  custom:audio-decoder-ogg-vorbis: bf7c407c2cedff20999df2af8eb42d56 -> 
  custom:audio-encoder-webm-vorbis: bf7c407c2cedff20999df2af8eb42d56 -> 
AssetImportWorkerClient::OnTransportError - code=2 error=End of file
